{"message":"Unauthorized request to path: /api/folders","level":"error"}
{"message":"Unauthorized request to path: /api/folders","level":"error"}
{"message":"Unauthorized request to path: /api/folders","level":"error"}
{"message":"Unauthorized request to path: /api/folders","level":"error"}
{"message":"Unauthorized request to path: /api/folders","level":"error"}
{"message":"Unauthorized request to path: /api/folders","level":"error"}
{"message":"Unauthorized request to path: /api/folders","level":"error"}
{"message":"Unauthorized request to path: /api/folders","level":"error"}
{"message":"Unauthorized request to path: /api/folders","level":"error"}
{"message":"Unauthorized request to path: /api/folders","level":"error"}
{"message":"Unauthorized request to path: /api/folders","level":"error"}
{"message":"Unauthorized request to path: /","level":"error"}
{"message":"Unauthorized request to path: /","level":"error"}
{"message":"Unauthorized request to path: /","level":"error"}
{"message":"Unauthorized request to path: /","level":"error"}
{"message":"Unauthorized request to path: /api/bookmarks","level":"error"}
{"message":"Unauthorized request to path: /","level":"error"}
{"message":"Unauthorized request to path: /api/bookmarks","level":"error"}
{"message":"Unauthorized request to path: /","level":"error"}
{"message":"Unauthorized request to path: /api/bookmarks","level":"error"}
{"message":"Unauthorized request to path: /","level":"error"}
{"message":"Unauthorized request to path: /api/folders","level":"error"}
{"message":"Unauthorized request to path: /","level":"error"}
{"message":"Unauthorized request to path: /api/folders","level":"error"}
{"message":"Unauthorized request to path: /api/folders","level":"error"}
{"message":"Unauthorized request to path: /","level":"error"}
{"message":"Unauthorized request to path: /api/folders","level":"error"}
{"message":"Unauthorized request to path: /api/folders","level":"error"}
{"message":"Unauthorized request to path: /","level":"error"}
{"message":"Unauthorized request to path: /api/folders","level":"error"}
{"message":"Unauthorized request to path: /api/folders","level":"error"}
{"message":"Unauthorized request to path: /api/folders/undefined","level":"error"}
{"message":"Unauthorized request to path: /","level":"error"}
{"message":"Unauthorized request to path: /api/folders","level":"error"}
{"message":"Unauthorized request to path: /api/folders","level":"error"}
{"message":"Unauthorized request to path: /api/folders/undefined","level":"error"}
{"message":"Unauthorized request to path: /","level":"error"}
{"message":"Unauthorized request to path: /api/folders","level":"error"}
{"message":"Unauthorized request to path: /api/folders","level":"error"}
{"message":"Unauthorized request to path: /api/folders/undefined","level":"error"}
{"message":"Unauthorized request to path: /","level":"error"}
{"message":"Unauthorized request to path: /api/folders","level":"error"}
{"message":"Unauthorized request to path: /api/folders","level":"error"}
{"message":"Unauthorized request to path: /api/folders/undefined","level":"error"}
{"message":"Unauthorized request to path: /api/folder/undefined","level":"error"}
{"message":"Unauthorized request to path: /api/folders","level":"error"}
{"message":"folder_name is required","level":"error"}
{"message":"Unauthorized request to path: /api/folders","level":"error"}
{"message":"Unauthorized request to path: /api/folders","level":"error"}
{"message":"Unauthorized request to path: /api/folders","level":"error"}
{"message":"Folder with id 1 has been created","level":"info"}
{"message":"Unauthorized request to path: /api/folders","level":"error"}
{"message":"Folder with id 1 has been created","level":"info"}
{"message":"Unauthorized request to path: /api/folders","level":"error"}
{"message":"Folder with id 2 has been created","level":"info"}
{"message":"Unauthorized request to path: /api/folders","level":"error"}
{"message":"Folder with id 3 has been created","level":"info"}
{"message":"Unauthorized request to path: /api/folders","level":"error"}
{"message":"Folder with id 4 has been created","level":"info"}
{"message":"Unauthorized request to path: /api/folders","level":"error"}
{"message":"Folder with id 5 has been created","level":"info"}
{"message":"Unauthorized request to path: /api/folders","level":"error"}
{"message":"Folder with id 6 has been created","level":"info"}
{"message":"Unauthorized request to path: /api/folders/5","level":"error"}
{"message":"Unauthorized request to path: /api/folders/5","level":"error"}
{"message":"Unauthorized request to path: /api/folders","level":"error"}
{"message":"Unauthorized request to path: /api/folders/5","level":"error"}
{"message":"Unauthorized request to path: /api/folders/5","level":"error"}
{"message":"Unauthorized request to path: /api/folders/5","level":"error"}
{"message":"Unauthorized request to path: /api/folders/5","level":"error"}
{"message":"Folder with id 5deleted","level":"info"}
{"message":"Unauthorized request to path: /api/folders/5","level":"error"}
{"message":"Folder with id 5 not found","level":"error"}
{"message":"Unauthorized request to path: /api/folders/","level":"error"}
{"message":"Unauthorized request to path: /","level":"error"}
{"message":"Unauthorized request to path: /api/folders","level":"error"}
{"message":"Unauthorized request to path: /api/folders","level":"error"}
{"message":"Unauthorized request to path: /api/folders/undefined","level":"error"}
{"message":"Unauthorized request to path: /api/folder/undefined","level":"error"}
{"message":"Unauthorized request to path: /","level":"error"}
{"message":"Unauthorized request to path: /api/folders","level":"error"}
{"message":"Unauthorized request to path: /","level":"error"}
{"message":"Unauthorized request to path: /api/folders","level":"error"}
{"message":"Unauthorized request to path: /api/folders","level":"error"}
{"message":"Unauthorized request to path: /api/folders/undefined","level":"error"}
{"message":"Unauthorized request to path: /api/folder/undefined","level":"error"}
{"message":"Unauthorized request to path: /","level":"error"}
{"message":"Unauthorized request to path: /api/folders","level":"error"}
{"message":"Unauthorized request to path: /api/folders","level":"error"}
{"message":"Unauthorized request to path: /api/folders/undefined","level":"error"}
{"message":"Unauthorized request to path: /api/folder/undefined","level":"error"}
{"message":"Unauthorized request to path: /api/folders/3","level":"error"}
{"message":"Folder with id 3 not found","level":"error"}
{"message":"Unauthorized request to path: /api/folders/1","level":"error"}
{"message":"Folder with id 1 not found","level":"error"}
{"message":"Unauthorized request to path: /api/folders/1","level":"error"}
{"message":"Folder with id 1 not found","level":"error"}
{"message":"Unauthorized request to path: /api/folders/1","level":"error"}
{"message":"Folder with id 1 not found","level":"error"}
{"message":"Unauthorized request to path: /api/folders/1","level":"error"}
{"message":"Folder with id 1 not found","level":"error"}
{"message":"Unauthorized request to path: /api/folders/","level":"error"}
{"message":"Unauthorized request to path: /api/folders/","level":"error"}
{"message":"Folder with id 1 has been created","level":"info"}
{"message":"Unauthorized request to path: /api/folders/","level":"error"}
{"message":"Folder with id 2 has been created","level":"info"}
{"message":"Unauthorized request to path: /api/folders/","level":"error"}
{"message":"Folder with id 3 has been created","level":"info"}
{"message":"Unauthorized request to path: /api/folders/","level":"error"}
{"message":"Unauthorized request to path: /api/folders/3","level":"error"}
{"message":"Unauthorized request to path: /api/folders/3","level":"error"}
{"message":"Unauthorized request to path: /api/folders/3","level":"error"}
{"message":"Unauthorized request to path: /api/folders/","level":"error"}
{"message":"Folder with id 4 has been created","level":"info"}
{"message":"Unauthorized request to path: /api/folders/4","level":"error"}
{"message":"Unauthorized request to path: /api/folders/","level":"error"}
{"message":"Folder with id 5 has been created","level":"info"}
{"message":"Unauthorized request to path: /api/folders/5","level":"error"}
{"message":"Unauthorized request to path: /api/folders/5","level":"error"}
{"message":"Unauthorized request to path: /api/folders/5","level":"error"}
{"message":"Unauthorized request to path: /api/folders/5","level":"error"}
{"message":"Unauthorized request to path: /api/folders/5","level":"error"}
{"message":"Unauthorized request to path: /api/folders/5","level":"error"}
{"message":"Unauthorized request to path: /api/folders/5","level":"error"}
{"message":"Unauthorized request to path: /api/folders/5","level":"error"}
{"message":"Unauthorized request to path: /api/folders/5","level":"error"}
{"message":"Unauthorized request to path: /api/folders/","level":"error"}
{"message":"Unauthorized request to path: /api/notes","level":"error"}
{"message":"Unauthorized request to path: /api/notes","level":"error"}
{"message":"note with id 1 has been created","level":"info"}
{"message":"Unauthorized request to path: /api/notes","level":"error"}
{"message":"Unauthorized request to path: /api/notes","level":"error"}
{"message":"Unauthorized request to path: /api/notes","level":"error"}
{"message":"note with id 2 has been created","level":"info"}
{"message":"Unauthorized request to path: /api/notes","level":"error"}
{"message":"Unauthorized request to path: /api/notes/2","level":"error"}
{"message":"note with id 2deleted","level":"info"}
{"message":"Unauthorized request to path: /api/notes/2","level":"error"}
{"message":"note with id 2 not found","level":"error"}
{"message":"Unauthorized request to path: /api/notes","level":"error"}
{"message":"Unauthorized request to path: /api/folders/3","level":"error"}
{"message":"Folder with id 3deleted","level":"info"}
{"message":"Unauthorized request to path: /api/notes","level":"error"}
{"message":"Unauthorized request to path: /api/folders/4","level":"error"}
{"message":"Folder with id 4deleted","level":"info"}
{"message":"Unauthorized request to path: /api/notes","level":"error"}
{"message":"Unauthorized request to path: /api/folders","level":"error"}
{"message":"Unauthorized request to path: /api/folders","level":"error"}
{"message":"folder_name is required","level":"error"}
{"message":"folder_name is required","level":"error"}
{"message":"note_name is required","level":"error"}
{"message":"Folder with id 6 has been created","level":"info"}
{"message":"Folder with id 7 has been created","level":"info"}
{"message":"Folder with id 8 has been created","level":"info"}
{"message":"Folder with id 9 has been created","level":"info"}
{"message":"Folder with id 10 has been created","level":"info"}
{"message":"Folder with id 11 has been created","level":"info"}
{"message":"note with id 3 has been created","level":"info"}
{"message":"Folder with id 12 has been created","level":"info"}
{"message":"note_name is required","level":"error"}
{"message":"note_name is required","level":"error"}
{"message":"Folder with id 13 has been created","level":"info"}
{"message":"Folder with id 14 has been created","level":"info"}
{"message":"note with id 4 has been created","level":"info"}
{"message":"note with id 4deleted","level":"info"}
{"message":"note with id 3deleted","level":"info"}
{"message":"folder_name is required","level":"error"}
{"message":"folder_name is required","level":"error"}
{"message":"folder_name is required","level":"error"}
{"message":"Unauthorized request to path: /","level":"error"}
{"message":"Unauthorized request to path: /api/folders","level":"error"}
{"message":"Unauthorized request to path: /api/folders","level":"error"}
{"message":"Unauthorized request to path: /api/folders/undefined","level":"error"}
{"message":"Unauthorized request to path: /api/folders/undefined","level":"error"}
{"message":"note_name is required","level":"error"}
{"message":"Folder with id 15 has been created","level":"info"}
{"message":"Folder with id 123 not found","level":"error"}
{"message":"Folder with id 123 not found","level":"error"}
{"message":"Folder with id 123 not found","level":"error"}
{"message":"Folder with id 123 not found","level":"error"}
{"message":"Folder with id 123 not found","level":"error"}
{"message":"Folder with id 123 not found","level":"error"}
{"message":"Folder with id 123 not found","level":"error"}
{"message":"Folder with id 123 not found","level":"error"}
{"message":"Folder with id 123 not found","level":"error"}
{"message":"Folder with id 123 not found","level":"error"}
{"message":"Folder with id 123 not found","level":"error"}
{"message":"Folder with id 2deleted","level":"info"}
{"message":"Folder with id 123 not found","level":"error"}
{"message":"Folder with id 123 not found","level":"error"}
{"message":"Folder with id 2deleted","level":"info"}
{"message":"Folder with id 123 not found","level":"error"}
{"message":"Folder with id 123 not found","level":"error"}
{"message":"Folder with id 2deleted","level":"info"}
{"message":"Folder with id 123 not found","level":"error"}
{"message":"Folder with id 123 not found","level":"error"}
{"message":"Folder with id 2deleted","level":"info"}
{"message":"Folder with id 123 not found","level":"error"}
{"message":"Folder with id 123 not found","level":"error"}
{"message":"Folder with id 2deleted","level":"info"}
{"message":"Folder with id 123 not found","level":"error"}
{"message":"Folder with id 123 not found","level":"error"}
{"message":"Folder with id 2deleted","level":"info"}
{"message":"Folder with id 123 not found","level":"error"}
{"message":"Folder with id 123 not found","level":"error"}
{"message":"Folder with id 2deleted","level":"info"}
{"message":"Folder with id 123 not found","level":"error"}
{"message":"Folder with id 123 not found","level":"error"}
{"message":"Folder with id 2deleted","level":"info"}
{"message":"Folder with id 123 not found","level":"error"}
{"message":"Folder with id 123 not found","level":"error"}
{"message":"Folder with id 2deleted","level":"info"}
{"message":"Folder with id 123 not found","level":"error"}
{"message":"Folder with id 123 not found","level":"error"}
{"message":"Folder with id 2deleted","level":"info"}
{"message":"Folder with id 123 not found","level":"error"}
{"message":"Folder with id 123 not found","level":"error"}
{"message":"Folder with id 2deleted","level":"info"}
{"message":"folder_name is required","level":"error"}
{"message":"Folder with id 1 has been created","level":"info"}
{"message":"Folder with id 1 has been created","level":"info"}
{"message":"Folder with id 123 not found","level":"error"}
{"message":"Folder with id 123 not found","level":"error"}
{"message":"Folder with id 2deleted","level":"info"}
{"message":"folder_name is required","level":"error"}
{"message":"Folder with id 1 has been created","level":"info"}
{"message":"Folder with id 1 has been created","level":"info"}
{"message":"Folder with id 123 not found","level":"error"}
{"message":"Folder with id 123 not found","level":"error"}
{"message":"Folder with id 2deleted","level":"info"}
{"message":"folder_name is required","level":"error"}
{"message":"Folder with id 1 has been created","level":"info"}
{"message":"Folder with id 1 has been created","level":"info"}
{"message":"Folder with id 123 not found","level":"error"}
{"message":"Folder with id 123 not found","level":"error"}
{"message":"Folder with id 2deleted","level":"info"}
{"message":"folder_name is required","level":"error"}
{"message":"Folder with id 1 has been created","level":"info"}
{"message":"Folder with id 1 has been created","level":"info"}
{"message":"Folder with id 123 not found","level":"error"}
{"message":"Folder with id 123 not found","level":"error"}
{"message":"Folder with id 2deleted","level":"info"}
{"message":"folder_name is required","level":"error"}
{"message":"Folder with id 1 has been created","level":"info"}
{"message":"Folder with id 1 has been created","level":"info"}
{"message":"note with id 123 not found","level":"error"}
{"message":"note with id 123 not found","level":"error"}
{"message":"note_name is required","level":"error"}
{"message":"Folder with id 123 not found","level":"error"}
{"message":"Folder with id 123 not found","level":"error"}
{"message":"Folder with id 2deleted","level":"info"}
{"message":"folder_name is required","level":"error"}
{"message":"Folder with id 1 has been created","level":"info"}
{"message":"Folder with id 1 has been created","level":"info"}
{"message":"note with id 123 not found","level":"error"}
{"message":"note with id 123 not found","level":"error"}
{"message":"note_name is required","level":"error"}
{"message":"Folder with id 123 not found","level":"error"}
{"message":"Folder with id 123 not found","level":"error"}
{"message":"Folder with id 2deleted","level":"info"}
{"message":"folder_name is required","level":"error"}
{"message":"Folder with id 1 has been created","level":"info"}
{"message":"Folder with id 1 has been created","level":"info"}
{"message":"note with id 123 not found","level":"error"}
{"message":"note with id 123 not found","level":"error"}
{"message":"note_name is required","level":"error"}
{"message":"Folder with id 123 not found","level":"error"}
{"message":"Folder with id 123 not found","level":"error"}
{"message":"Folder with id 2deleted","level":"info"}
{"message":"folder_name is required","level":"error"}
{"message":"Folder with id 1 has been created","level":"info"}
{"message":"Folder with id 1 has been created","level":"info"}
{"message":"note with id 123 not found","level":"error"}
{"message":"note with id 123 not found","level":"error"}
{"message":"note_name is required","level":"error"}
{"message":"Folder with id 123 not found","level":"error"}
{"message":"Folder with id 123 not found","level":"error"}
{"message":"Folder with id 2deleted","level":"info"}
{"message":"folder_name is required","level":"error"}
{"message":"Folder with id 1 has been created","level":"info"}
{"message":"Folder with id 1 has been created","level":"info"}
{"message":"note with id 123 not found","level":"error"}
{"message":"note with id 123 not found","level":"error"}
{"message":"note_name is required","level":"error"}
{"message":"Folder with id 123 not found","level":"error"}
{"message":"Folder with id 123 not found","level":"error"}
{"message":"Folder with id 2deleted","level":"info"}
{"message":"folder_name is required","level":"error"}
{"message":"Folder with id 1 has been created","level":"info"}
{"message":"Folder with id 1 has been created","level":"info"}
{"message":"note with id 123 not found","level":"error"}
{"message":"note with id 123 not found","level":"error"}
{"message":"note_name is required","level":"error"}
{"message":"Folder with id 123 not found","level":"error"}
{"message":"Folder with id 123 not found","level":"error"}
{"message":"Folder with id 2deleted","level":"info"}
{"message":"folder_name is required","level":"error"}
{"message":"Folder with id 1 has been created","level":"info"}
{"message":"Folder with id 1 has been created","level":"info"}
{"message":"note with id 123 not found","level":"error"}
{"message":"note with id 123 not found","level":"error"}
{"message":"note_name is required","level":"error"}
{"message":"Folder with id 123 not found","level":"error"}
{"message":"Folder with id 123 not found","level":"error"}
{"message":"Folder with id 2deleted","level":"info"}
{"message":"folder_name is required","level":"error"}
{"message":"Folder with id 1 has been created","level":"info"}
{"message":"Folder with id 1 has been created","level":"info"}
{"message":"note with id 123 not found","level":"error"}
{"message":"note with id 123 not found","level":"error"}
{"message":"note_name is required","level":"error"}
{"message":"Folder with id 123 not found","level":"error"}
{"message":"Folder with id 123 not found","level":"error"}
{"message":"Folder with id 2deleted","level":"info"}
{"message":"folder_name is required","level":"error"}
{"message":"Folder with id 1 has been created","level":"info"}
{"message":"Folder with id 1 has been created","level":"info"}
{"message":"note with id 123 not found","level":"error"}
{"message":"note with id 123 not found","level":"error"}
{"message":"note_name is required","level":"error"}
{"message":"Folder with id 123 not found","level":"error"}
{"message":"Folder with id 123 not found","level":"error"}
{"message":"Folder with id 2deleted","level":"info"}
{"message":"folder_name is required","level":"error"}
{"message":"Folder with id 1 has been created","level":"info"}
{"message":"Folder with id 1 has been created","level":"info"}
{"message":"note with id 123 not found","level":"error"}
{"message":"note with id 123 not found","level":"error"}
{"message":"note_name is required","level":"error"}
{"message":"Folder with id 123 not found","level":"error"}
{"message":"Folder with id 123 not found","level":"error"}
{"message":"Folder with id 2deleted","level":"info"}
{"message":"folder_name is required","level":"error"}
{"message":"Folder with id 1 has been created","level":"info"}
{"message":"Folder with id 1 has been created","level":"info"}
{"message":"note with id 123 not found","level":"error"}
{"message":"note with id 123 not found","level":"error"}
{"message":"note_name is required","level":"error"}
{"message":"Folder with id 123 not found","level":"error"}
{"message":"Folder with id 123 not found","level":"error"}
{"message":"Folder with id 2deleted","level":"info"}
{"message":"folder_name is required","level":"error"}
{"message":"Folder with id 1 has been created","level":"info"}
{"message":"Folder with id 1 has been created","level":"info"}
{"message":"note with id 123 not found","level":"error"}
{"message":"note with id 123 not found","level":"error"}
{"message":"note_name is required","level":"error"}
{"message":"Folder with id 123 not found","level":"error"}
{"message":"Folder with id 123 not found","level":"error"}
{"message":"Folder with id 2deleted","level":"info"}
{"message":"folder_name is required","level":"error"}
{"message":"Folder with id 1 has been created","level":"info"}
{"message":"Folder with id 1 has been created","level":"info"}
{"message":"note with id 123 not found","level":"error"}
{"message":"note with id 123 not found","level":"error"}
{"message":"note_name is required","level":"error"}
{"message":"Folder with id 123 not found","level":"error"}
{"message":"Folder with id 123 not found","level":"error"}
{"message":"Folder with id 2deleted","level":"info"}
{"message":"folder_name is required","level":"error"}
{"message":"Folder with id 1 has been created","level":"info"}
{"message":"Folder with id 1 has been created","level":"info"}
{"message":"note with id 123 not found","level":"error"}
{"message":"note with id 123 not found","level":"error"}
{"message":"note_name is required","level":"error"}
{"message":"Folder with id 123 not found","level":"error"}
{"message":"Folder with id 123 not found","level":"error"}
{"message":"Folder with id 2deleted","level":"info"}
{"message":"folder_name is required","level":"error"}
{"message":"Folder with id 1 has been created","level":"info"}
{"message":"Folder with id 1 has been created","level":"info"}
{"message":"note with id 123 not found","level":"error"}
{"message":"note with id 123 not found","level":"error"}
{"message":"note_name is required","level":"error"}
{"message":"note with id 123 not found","level":"error"}
{"message":"note with id 123 not found","level":"error"}
{"message":"note with id 2deleted","level":"info"}
{"message":"note_name is required","level":"error"}
{"message":"note with id 1 has been created","level":"info"}
{"message":"note with id 1 has been created","level":"info"}
{"message":"note with id 123 not found","level":"error"}
{"message":"note with id 123 not found","level":"error"}
{"message":"note with id 2deleted","level":"info"}
{"message":"note_name is required","level":"error"}
{"message":"note with id 1 has been created","level":"info"}
{"message":"note with id 1 has been created","level":"info"}
{"message":"folder_name is required","level":"error"}
{"message":"folder_name is required","level":"error"}
{"message":"Folder with id 1 has been created","level":"info"}
{"message":"note with id 1 has been created","level":"info"}
{"message":"note with id 1deleted","level":"info"}
{"message":"Folder with id 2 has been created","level":"info"}
{"message":"note with id 2 has been created","level":"info"}
{"message":"note_name is required","level":"error"}
{"message":"note with id 3 has been created","level":"info"}
{"message":"note with id 4 has been created","level":"info"}
